[16/11/2018 21:34:42] INFO: Processing request: request3.json
[16/11/2018 21:34:42] INFO: Created new process with pid: 6366

[16/11/2018 21:34:42] INFO: Processing request: request2.json
[16/11/2018 21:34:42] INFO: Created new process with pid: 6367

[16/11/2018 21:34:42] INFO: Processing request: request7.json
[16/11/2018 21:34:42] INFO: Created new process with pid: 6368

[16/11/2018 21:34:42] INFO: Processing request: request8.json
[16/11/2018 21:34:42] INFO: Created new process with pid: 6369

[16/11/2018 21:34:42] INFO: Processing request: request6.json
[16/11/2018 21:34:42] INFO: Created new process with pid: 6370

[16/11/2018 21:34:42] INFO: Processing request: request1.json
[16/11/2018 21:34:42] INFO: Created new process with pid: 6371

[16/11/2018 21:34:42] INFO: Processing request: request0.json
[16/11/2018 21:34:42] INFO: Created new process with pid: 6372

[16/11/2018 21:34:42] INFO: Processing request: request9.json
[16/11/2018 21:34:42] INFO: Created new process with pid: 6373

[16/11/2018 21:34:42] INFO: Processing request: request4.json
[16/11/2018 21:34:42] INFO: Created new process with pid: 6374

[16/11/2018 21:34:42] INFO: Processing request: request5.json
[16/11/2018 21:34:42] INFO: Created new process with pid: 6375

[16/11/2018 21:34:42] INFO: Checking process: process9
[16/11/2018 21:34:42] INFO: process 6375 has not finished

[16/11/2018 21:34:42] INFO: Checking process: process4
[16/11/2018 21:34:42] INFO: process 6370 has not finished

[16/11/2018 21:34:42] INFO: Checking process: process5
[16/11/2018 21:34:42] INFO: process 6371 has not finished

[16/11/2018 21:34:42] INFO: Checking process: process2
[16/11/2018 21:34:42] INFO: process 6368 has not finished

[16/11/2018 21:34:42] INFO: Checking process: process8
[16/11/2018 21:34:42] INFO: process 6374 has not finished

[16/11/2018 21:34:42] INFO: Checking process: process6
[16/11/2018 21:34:42] INFO: process 6372 has not finished

[16/11/2018 21:34:42] INFO: Checking process: process0
[16/11/2018 21:34:42] INFO: process 6366 has not finished

[16/11/2018 21:34:42] INFO: Checking process: process3
[16/11/2018 21:34:42] INFO: process 6369 has not finished

[16/11/2018 21:34:42] INFO: Checking process: process1
[16/11/2018 21:34:42] INFO: process 6367 has not finished

[16/11/2018 21:34:42] INFO: Checking process: process7
[16/11/2018 21:34:42] INFO: process 6373 has not finished

[16/11/2018 21:38:25] INFO: Checking process: process9
[16/11/2018 21:38:25] INFO: process 6375 has finished

[16/11/2018 21:38:25] INFO: Checking process: process4
[16/11/2018 21:38:25] INFO: process 6370 has finished

[16/11/2018 21:38:25] INFO: Checking process: process5
[16/11/2018 21:38:25] INFO: process 6371 has finished

[16/11/2018 21:38:25] INFO: Checking process: process2
[16/11/2018 21:38:25] INFO: process 6368 has finished

[16/11/2018 21:38:25] INFO: Checking process: process8
[16/11/2018 21:38:25] INFO: process 6374 has finished

[16/11/2018 21:38:25] INFO: Checking process: process6
[16/11/2018 21:38:25] INFO: process 6372 has finished

[16/11/2018 21:38:25] INFO: Checking process: process0
[16/11/2018 21:38:25] INFO: process 6366 has finished

[16/11/2018 21:38:25] INFO: Checking process: process3
[16/11/2018 21:38:25] INFO: process 6369 has finished

[16/11/2018 21:38:25] INFO: Checking process: process1
[16/11/2018 21:38:25] INFO: process 6367 has finished

[16/11/2018 21:38:25] INFO: Checking process: process7
[16/11/2018 21:38:25] INFO: process 6373 has finished

[16/11/2018 21:39:42] INFO: Processing request: request3.json
[16/11/2018 21:39:42] INFO: Created new process with pid: 6576

[16/11/2018 21:39:42] INFO: Processing request: request2.json
[16/11/2018 21:39:42] INFO: Created new process with pid: 6577

[16/11/2018 21:39:42] INFO: Processing request: request7.json
[16/11/2018 21:39:42] INFO: Created new process with pid: 6578

[16/11/2018 21:39:42] INFO: Processing request: request8.json
[16/11/2018 21:39:42] INFO: Created new process with pid: 6579

[16/11/2018 21:39:42] INFO: Processing request: request6.json
[16/11/2018 21:39:43] INFO: Created new process with pid: 6580

[16/11/2018 21:39:43] INFO: Processing request: request1.json
[16/11/2018 21:39:43] INFO: Created new process with pid: 6581

[16/11/2018 21:39:43] INFO: Processing request: request0.json
[16/11/2018 21:39:43] INFO: Created new process with pid: 6582

[16/11/2018 21:39:43] INFO: Processing request: request9.json
[16/11/2018 21:39:43] INFO: Created new process with pid: 6583

[16/11/2018 21:39:43] INFO: Processing request: request4.json
[16/11/2018 21:39:43] INFO: Created new process with pid: 6584

[16/11/2018 21:39:43] INFO: Processing request: request5.json
[16/11/2018 21:39:43] INFO: Created new process with pid: 6585

[16/11/2018 21:39:43] INFO: Checking process: process5.json
[16/11/2018 21:39:43] INFO: process 6581 has not finished

[16/11/2018 21:39:43] INFO: Checking process: process0.json
[16/11/2018 21:39:43] INFO: process 6576 has not finished

[16/11/2018 21:39:43] INFO: Checking process: process9.json
[16/11/2018 21:39:43] INFO: process 6585 has not finished

[16/11/2018 21:39:43] INFO: Checking process: process1.json
[16/11/2018 21:39:43] INFO: process 6577 has not finished

[16/11/2018 21:39:43] INFO: Checking process: process2.json
[16/11/2018 21:39:43] INFO: process 6578 has not finished

[16/11/2018 21:39:43] INFO: Checking process: process4.json
[16/11/2018 21:39:43] INFO: process 6580 has not finished

[16/11/2018 21:39:43] INFO: Checking process: process7.json
[16/11/2018 21:39:43] INFO: process 6583 has not finished

[16/11/2018 21:39:43] INFO: Checking process: process8.json
[16/11/2018 21:39:43] INFO: process 6584 has not finished

[16/11/2018 21:39:43] INFO: Checking process: process3.json
[16/11/2018 21:39:43] INFO: process 6579 has not finished

[16/11/2018 21:39:43] INFO: Checking process: process6.json
[16/11/2018 21:39:43] INFO: process 6582 has not finished

